# JRE version: OpenJDK Runtime Environment (8.0_152-b01) (build 1.8.0_152-release-1343-b01)
# Java VM: OpenJDK 64-Bit Server VM (25.152-b01 mixed mode windows-amd64 compressed oops)
Heap:
 PSYoungGen      total 451072K, used 175534K [0x00000000e0000000, 0x00000000ffd80000, 0x0000000100000000)
  eden space 386560K, 34% used [0x00000000e0000000,0x00000000e815a2f8,0x00000000f7980000)
  from space 64512K, 66% used [0x00000000fbe80000,0x00000000fe891628,0x00000000ffd80000)
  to   space 67584K, 0% used [0x00000000f7980000,0x00000000f7980000,0x00000000fbb80000)
 ParOldGen       total 233472K, used 185863K [0x00000000a0000000, 0x00000000ae400000, 0x00000000e0000000)
  object space 233472K, 79% used [0x00000000a0000000,0x00000000ab581ea8,0x00000000ae400000)
 Metaspace       used 102697K, capacity 109050K, committed 109336K, reserved 1144832K
  class space    used 12447K, capacity 13501K, committed 13600K, reserved 1048576K
GC Heap History (10 events):
Event: 17147.749 GC heap before
{Heap before GC invocations=174 (full 4):
 PSYoungGen      total 328704K, used 321535K [0x00000000e0000000, 0x00000000f9280000, 0x0000000100000000)
  eden space 282112K, 100% used [0x00000000e0000000,0x00000000f1380000,0x00000000f1380000)
  from space 46592K, 84% used [0x00000000f1380000,0x00000000f39ffdf8,0x00000000f4100000)
  to   space 50688K, 0% used [0x00000000f6100000,0x00000000f6100000,0x00000000f9280000)
 ParOldGen       total 233472K, used 170345K [0x00000000a0000000, 0x00000000ae400000, 0x00000000e0000000)
  object space 233472K, 72% used [0x00000000a0000000,0x00000000aa65a5f8,0x00000000ae400000)
 Metaspace       used 102497K, capacity 108766K, committed 109080K, reserved 1144832K
  class space    used 12442K, capacity 13497K, committed 13600K, reserved 1048576K
Event: 17148.298 GC heap after
Heap after GC invocations=174 (full 4):
 PSYoungGen      total 348672K, used 50676K [0x00000000e0000000, 0x00000000fad00000, 0x0000000100000000)
  eden space 297984K, 0% used [0x00000000e0000000,0x00000000e0000000,0x00000000f2300000)
  from space 50688K, 99% used [0x00000000f6100000,0x00000000f927d2b8,0x00000000f9280000)
  to   space 63488K, 0% used [0x00000000f2300000,0x00000000f2300000,0x00000000f6100000)
 ParOldGen       total 233472K, used 185711K [0x00000000a0000000, 0x00000000ae400000, 0x00000000e0000000)
  object space 233472K, 79% used [0x00000000a0000000,0x00000000ab55bea8,0x00000000ae400000)
 Metaspace       used 102497K, capacity 108766K, committed 109080K, reserved 1144832K
  class space    used 12442K, capacity 13497K, committed 13600K, reserved 1048576K
}
Event: 17153.776 GC heap before
{Heap before GC invocations=175 (full 4):
 PSYoungGen      total 348672K, used 348660K [0x00000000e0000000, 0x00000000fad00000, 0x0000000100000000)
  eden space 297984K, 100% used [0x00000000e0000000,0x00000000f2300000,0x00000000f2300000)
  from space 50688K, 99% used [0x00000000f6100000,0x00000000f927d2b8,0x00000000f9280000)
  to   space 63488K, 0% used [0x00000000f2300000,0x00000000f2300000,0x00000000f6100000)
 ParOldGen       total 233472K, used 185711K [0x00000000a0000000, 0x00000000ae400000, 0x00000000e0000000)
  object space 233472K, 79% used [0x00000000a0000000,0x00000000ab55bea8,0x00000000ae400000)
 Metaspace       used 102569K, capacity 108914K, committed 109080K, reserved 1144832K
  class space    used 12445K, capacity 13501K, committed 13600K, reserved 1048576K
Event: 17155.715 GC heap after
Heap after GC invocations=175 (full 4):
 PSYoungGen      total 361472K, used 45362K [0x00000000e0000000, 0x00000000fd200000, 0x0000000100000000)
  eden space 297984K, 0% used [0x00000000e0000000,0x00000000e0000000,0x00000000f2300000)
  from space 63488K, 71% used [0x00000000f2300000,0x00000000f4f4cb48,0x00000000f6100000)
  to   space 66048K, 0% used [0x00000000f9180000,0x00000000f9180000,0x00000000fd200000)
 ParOldGen       total 233472K, used 185751K [0x00000000a0000000, 0x00000000ae400000, 0x00000000e0000000)
  object space 233472K, 79% used [0x00000000a0000000,0x00000000ab565ea8,0x00000000ae400000)
 Metaspace       used 102569K, capacity 108914K, committed 109080K, reserved 1144832K
  class space    used 12445K, capacity 13501K, committed 13600K, reserved 1048576K
}
Event: 17157.390 GC heap before
{Heap before GC invocations=176 (full 4):
 PSYoungGen      total 361472K, used 343346K [0x00000000e0000000, 0x00000000fd200000, 0x0000000100000000)
  eden space 297984K, 100% used [0x00000000e0000000,0x00000000f2300000,0x00000000f2300000)
  from space 63488K, 71% used [0x00000000f2300000,0x00000000f4f4cb48,0x00000000f6100000)
  to   space 66048K, 0% used [0x00000000f9180000,0x00000000f9180000,0x00000000fd200000)
 ParOldGen       total 233472K, used 185751K [0x00000000a0000000, 0x00000000ae400000, 0x00000000e0000000)
  object space 233472K, 79% used [0x00000000a0000000,0x00000000ab565ea8,0x00000000ae400000)
 Metaspace       used 102594K, capacity 108982K, committed 109336K, reserved 1144832K
  class space    used 12446K, capacity 13501K, committed 13600K, reserved 1048576K
Event: 17157.424 GC heap after
Heap after GC invocations=176 (full 4):
 PSYoungGen      total 407040K, used 39319K [0x00000000e0000000, 0x00000000fd000000, 0x0000000100000000)
  eden space 343040K, 0% used [0x00000000e0000000,0x00000000e0000000,0x00000000f4f00000)
  from space 64000K, 61% used [0x00000000f9180000,0x00000000fb7e5cd0,0x00000000fd000000)
  to   space 66048K, 0% used [0x00000000f4f00000,0x00000000f4f00000,0x00000000f8f80000)
 ParOldGen       total 233472K, used 185791K [0x00000000a0000000, 0x00000000ae400000, 0x00000000e0000000)
  object space 233472K, 79% used [0x00000000a0000000,0x00000000ab56fea8,0x00000000ae400000)
 Metaspace       used 102594K, capacity 108982K, committed 109336K, reserved 1144832K
  class space    used 12446K, capacity 13501K, committed 13600K, reserved 1048576K
}
Event: 17806.670 GC heap before
{Heap before GC invocations=177 (full 4):
 PSYoungGen      total 407040K, used 382359K [0x00000000e0000000, 0x00000000fd000000, 0x0000000100000000)
  eden space 343040K, 100% used [0x00000000e0000000,0x00000000f4f00000,0x00000000f4f00000)
  from space 64000K, 61% used [0x00000000f9180000,0x00000000fb7e5cd0,0x00000000fd000000)
  to   space 66048K, 0% used [0x00000000f4f00000,0x00000000f4f00000,0x00000000f8f80000)
 ParOldGen       total 233472K, used 185791K [0x00000000a0000000, 0x00000000ae400000, 0x00000000e0000000)
  object space 233472K, 79% used [0x00000000a0000000,0x00000000ab56fea8,0x00000000ae400000)
 Metaspace       used 102643K, capacity 108982K, committed 109336K, reserved 1144832K
  class space    used 12446K, capacity 13501K, committed 13600K, reserved 1048576K
Event: 17807.181 GC heap after
Heap after GC invocations=177 (full 4):
 PSYoungGen      total 409088K, used 42563K [0x00000000e0000000, 0x00000000fff80000, 0x0000000100000000)
  eden space 343040K, 0% used [0x00000000e0000000,0x00000000e0000000,0x00000000f4f00000)
  from space 66048K, 64% used [0x00000000f4f00000,0x00000000f7890fd8,0x00000000f8f80000)
  to   space 66560K, 0% used [0x00000000fbe80000,0x00000000fbe80000,0x00000000fff80000)
 ParOldGen       total 233472K, used 185831K [0x00000000a0000000, 0x00000000ae400000, 0x00000000e0000000)
  object space 233472K, 79% used [0x00000000a0000000,0x00000000ab579ea8,0x00000000ae400000)
 Metaspace       used 102643K, capacity 108982K, committed 109336K, reserved 1144832K
  class space    used 12446K, capacity 13501K, committed 13600K, reserved 1048576K
}
Event: 17815.592 GC heap before
{Heap before GC invocations=178 (full 4):
 PSYoungGen      total 409088K, used 385603K [0x00000000e0000000, 0x00000000fff80000, 0x0000000100000000)
  eden space 343040K, 100% used [0x00000000e0000000,0x00000000f4f00000,0x00000000f4f00000)
  from space 66048K, 64% used [0x00000000f4f00000,0x00000000f7890fd8,0x00000000f8f80000)
  to   space 66560K, 0% used [0x00000000fbe80000,0x00000000fbe80000,0x00000000fff80000)
 ParOldGen       total 233472K, used 185831K [0x00000000a0000000, 0x00000000ae400000, 0x00000000e0000000)
  object space 233472K, 79% used [0x00000000a0000000,0x00000000ab579ea8,0x00000000ae400000)
 Metaspace       used 102689K, capacity 109050K, committed 109336K, reserved 1144832K
  class space    used 12447K, capacity 13501K, committed 13600K, reserved 1048576K
Event: 17815.635 GC heap after
Heap after GC invocations=178 (full 4):
 PSYoungGen      total 451072K, used 43077K [0x00000000e0000000, 0x00000000ffd80000, 0x0000000100000000)
  eden space 386560K, 0% used [0x00000000e0000000,0x00000000e0000000,0x00000000f7980000)
  from space 64512K, 66% used [0x00000000fbe80000,0x00000000fe891628,0x00000000ffd80000)
  to   space 67584K, 0% used [0x00000000f7980000,0x00000000f7980000,0x00000000fbb80000)
 ParOldGen       total 233472K, used 185863K [0x00000000a0000000, 0x00000000ae400000, 0x00000000e0000000)
  object space 233472K, 79% used [0x00000000a0000000,0x00000000ab581ea8,0x00000000ae400000)
 Metaspace       used 102689K, capacity 109050K, committed 109336K, reserved 1144832K
  class space    used 12447K, capacity 13501K, committed 13600K, reserved 1048576K
}

